{
  "RSpec": {
    "coverage": {
      "/home/placid-tier-4550/tic-tac-toe-rb-ruby-apply-000/lib/tic_tac_toe.rb": [
        null,
        1,
        null,
        null,
        1,
        null,
        null,
        1,
        5,
        5,
        5,
        5,
        5,
        null,
        null,
        1,
        null,
        1,
        7,
        null,
        null,
        1,
        6,
        null,
        null,
        1,
        76,
        null,
        null,
        1,
        7,
        null,
        null,
        1,
        null,
        4,
        4,
        4,
        4,
        3,
        3,
        null,
        1,
        1,
        null,
        null,
        null,
        1,
        5,
        5,
        45,
        5,
        null,
        null,
        5,
        null,
        null,
        1,
        4,
        4,
        null,
        0,
        null,
        null,
        null,
        1,
        12,
        86,
        null,
        null,
        null,
        1,
        9,
        null,
        53,
        4,
        null,
        null,
        null,
        null,
        1,
        null,
        null,
        7,
        3,
        null,
        4,
        null,
        null,
        null,
        1,
        3,
        2,
        null,
        1,
        null,
        null,
        null,
        1,
        null,
        4,
        null,
        2,
        null,
        null,
        null,
        1,
        1,
        1,
        null,
        1,
        0,
        0,
        0,
        null,
        0,
        null,
        null
      ]
    },
    "timestamp": 1599080238
  }
}
