{
  "RSpec": {
    "coverage": {
      "/home/placid-tier-4550/tic-tac-toe-rb-ruby-apply-000/lib/tic_tac_toe.rb": [
        null,
        1,
        null,
        null,
        1,
        null,
        null,
        1,
        4,
        4,
        4,
        4,
        4,
        null,
        null,
        1,
        null,
        1,
        7,
        null,
        null,
        1,
        5,
        null,
        null,
        1,
        71,
        null,
        null,
        1,
        7,
        null,
        null,
        1,
        null,
        4,
        4,
        4,
        4,
        3,
        2,
        null,
        1,
        1,
        null,
        null,
        null,
        1,
        5,
        5,
        36,
        5,
        null,
        null,
        4,
        null,
        null,
        1,
        4,
        3,
        null,
        0,
        null,
        null,
        null,
        1,
        11,
        78,
        null,
        null,
        null,
        1,
        9,
        null,
        53,
        4,
        null,
        null,
        null,
        null,
        1,
        null,
        null,
        7,
        3,
        null,
        4,
        null,
        null,
        null,
        1,
        3,
        2,
        null,
        1,
        null,
        null,
        null,
        1,
        null,
        3,
        null,
        2,
        null,
        null,
        null,
        1,
        1,
        null,
        1,
        1,
        null,
        0,
        0,
        0,
        0,
        null,
        0,
        null,
        null
      ]
    },
    "timestamp": 1599080038
  }
}
